<?xml version="1.0" encoding="UTF-8"?>
<testsuite name="TicTacToeTest" tests="1" skipped="0" failures="0" errors="0" timestamp="2019-07-13T07:39:54" hostname="LAPTOP-DV0RB4CC" time="0.142">
  <properties/>
  <testcase name="start" classname="TicTacToeTest" time="0.142"/>
  <system-out><![CDATA[Enter cells: ---------
|   X X |
| O O   |
| O X   |
---------
Making move level "easy"

---------
| X X X |
| O O   |
| O X   |
---------
Enter cells: ---------
|       |
|       |
|       |
---------
Making move level "easy"

---------
|       |
|     X |
|       |
---------
Enter cells: ---------
| X   X |
|   O   |
|       |
---------
Making move level "easy"

---------
| X   X |
|   O   |
|     X |
---------
]]></system-out>
  <system-err><![CDATA[Start test 1
Start test 2
Start test 3
]]></system-err>
</testsuite>
