<?xml version="1.0" encoding="UTF-8"?>
<testsuite name="TicTacToeTest" tests="1" skipped="0" failures="0" errors="0" timestamp="2019-07-13T08:18:58" hostname="LAPTOP-DV0RB4CC" time="0.424">
  <properties/>
  <testcase name="start" classname="TicTacToeTest" time="0.424"/>
  <system-out><![CDATA[Enter the coordinates: 
---------
|       |
|       |
| X     |
---------
Making move level "easy"

---------
|       |
|       |
| X   O |
---------
Enter the coordinates: 
---------
|       |
| X     |
| X   O |
---------
Making move level "easy"

---------
| O     |
| X     |
| X   O |
---------
Enter the coordinates: You should enter numbers!
Enter the coordinates: 
---------
| O     |
| X     |
| X X O |
---------
Making move level "easy"

---------
| O     |
| X O   |
| X X O |
---------
O winsEnter the coordinates: You should enter numbers!
Enter the coordinates: 
---------
|       |
| X     |
|       |
---------
Making move level "easy"

---------
|       |
| X   O |
|       |
---------
Enter the coordinates: 
---------
| X     |
| X   O |
|       |
---------
Making move level "easy"

---------
| X     |
| X   O |
| O     |
---------
Enter the coordinates: 
---------
| X     |
| X   O |
| O X   |
---------
Making move level "easy"

---------
| X     |
| X   O |
| O X O |
---------
Enter the coordinates: 
---------
| X     |
| X X O |
| O X O |
---------
Making move level "easy"

---------
| X   O |
| X X O |
| O X O |
---------
O winsEnter the coordinates: 
---------
| X     |
|       |
|       |
---------
Making move level "easy"

---------
| X     |
|       |
|     O |
---------
Enter the coordinates: 
---------
| X     |
|       |
|   X O |
---------
Making move level "easy"

---------
| X     |
|   O   |
|   X O |
---------
Enter the coordinates: You should enter numbers!
Enter the coordinates: 
---------
| X X   |
|   O   |
|   X O |
---------
Making move level "easy"

---------
| X X   |
|   O   |
| O X O |
---------
Enter the coordinates: You should enter numbers!
Enter the coordinates: 
---------
| X X   |
|   O X |
| O X O |
---------
Making move level "easy"

---------
| X X   |
| O O X |
| O X O |
---------
Enter the coordinates: 
---------
| X X X |
| O O X |
| O X O |
---------
X winsEnter the coordinates: You should enter numbers!
Enter the coordinates: 
---------
|       |
|       |
|   X   |
---------
Making move level "easy"

---------
| O     |
|       |
|   X   |
---------
Enter the coordinates: 
---------
| O     |
|   X   |
|   X   |
---------
Making move level "easy"

---------
| O     |
|   X   |
|   X O |
---------
Enter the coordinates: 
---------
| O X   |
|   X   |
|   X O |
---------
X winsEnter the coordinates: 
---------
|       |
|   X   |
|       |
---------
Making move level "easy"

---------
|       |
|   X   |
| O     |
---------
Enter the coordinates: 
---------
|   X   |
|   X   |
| O     |
---------
Making move level "easy"

---------
|   X   |
|   X   |
| O O   |
---------
Enter the coordinates: 
---------
|   X   |
|   X   |
| O O X |
---------
Making move level "easy"

---------
|   X O |
|   X   |
| O O X |
---------
Enter the coordinates: 
---------
|   X O |
|   X X |
| O O X |
---------
Making move level "easy"

---------
| O X O |
|   X X |
| O O X |
---------
Enter the coordinates: You should enter numbers!
Enter the coordinates: You should enter numbers!
Enter the coordinates: 
---------
| O X O |
| X X X |
| O O X |
---------
X winsEnter the coordinates: You should enter numbers!
Enter the coordinates: 
---------
|   X   |
|       |
|       |
---------
Making move level "easy"

---------
|   X   |
|       |
| O     |
---------
Enter the coordinates: 
---------
|   X   |
|       |
| O   X |
---------
Making move level "easy"

---------
| O X   |
|       |
| O   X |
---------
Enter the coordinates: 
---------
| O X   |
|     X |
| O   X |
---------
Making move level "easy"

---------
| O X   |
|     X |
| O O X |
---------
Enter the coordinates: 
---------
| O X X |
|     X |
| O O X |
---------
X winsEnter the coordinates: 
---------
|       |
|       |
|     X |
---------
Making move level "easy"

---------
|       |
|     O |
|     X |
---------
Enter the coordinates: You should enter numbers!
Enter the coordinates: 
---------
|     X |
|     O |
|     X |
---------
Making move level "easy"

---------
|     X |
| O   O |
|     X |
---------
Enter the coordinates: 
---------
|     X |
| O   O |
| X   X |
---------
Making move level "easy"

---------
|     X |
| O   O |
| X O X |
---------
Enter the coordinates: You should enter numbers!
Enter the coordinates: 
---------
| X   X |
| O   O |
| X O X |
---------
Making move level "easy"

---------
| X O X |
| O   O |
| X O X |
---------
Enter the coordinates: You should enter numbers!
Enter the coordinates: 
---------
| X O X |
| O X O |
| X O X |
---------
X winsEnter the coordinates: You should enter numbers!
Enter the coordinates: 
---------
|       |
|     X |
|       |
---------
Making move level "easy"

---------
|   O   |
|     X |
|       |
---------
Enter the coordinates: 
---------
|   O X |
|     X |
|       |
---------
Making move level "easy"

---------
|   O X |
| O   X |
|       |
---------
Enter the coordinates: 
---------
|   O X |
| O   X |
| X     |
---------
Making move level "easy"

---------
| O O X |
| O   X |
| X     |
---------
Enter the coordinates: You should enter numbers!
Enter the coordinates: You should enter numbers!
Enter the coordinates: 
---------
| O O X |
| O   X |
| X X   |
---------
Making move level "easy"

---------
| O O X |
| O   X |
| X X O |
---------
Enter the coordinates: 
---------
| O O X |
| O X X |
| X X O |
---------
X winsEnter the coordinates: 
---------
|     X |
|       |
|       |
---------
Making move level "easy"

---------
| O   X |
|       |
|       |
---------
Enter the coordinates: 
---------
| O   X |
|       |
| X     |
---------
Making move level "easy"

---------
| O   X |
|       |
| X O   |
---------
Enter the coordinates: 
---------
| O   X |
| X     |
| X O   |
---------
Making move level "easy"

---------
| O   X |
| X O   |
| X O   |
---------
Enter the coordinates: You should enter numbers!
Enter the coordinates: You should enter numbers!
Enter the coordinates: You should enter numbers!
Enter the coordinates: 
---------
| O X X |
| X O   |
| X O   |
---------
Making move level "easy"

---------
| O X X |
| X O   |
| X O O |
---------
O wins]]></system-out>
  <system-err><![CDATA[Start test 1
Start test 2
Start test 3
Start test 4
Start test 5
Start test 6
Start test 7
Start test 8
Start test 9
]]></system-err>
</testsuite>
